2025-11-26 08:37:52 | [SUCCESS] | 数据导出 | 负载设备数据导出
2025-11-26 09:23:29 | [SUCCESS] | 连接 | 正在连接设备 (LOAD)...
2025-11-26 09:23:29 | [SUCCESS] | 通信 | [GJDD-750] 开始连接串口: COM1, 波特率: 57600
2025-11-26 09:23:29 | [SUCCESS] | 通信 | [GJDD-750] 串口连接成功: COM1
2025-11-26 09:23:29 | [SUCCESS] | 连接 | 负载设备连接成功
2025-11-26 09:23:30 | [SUCCESS] | 通信 | [GJDD-750] TX: EE 01 0F 03 00 13 EF
2025-11-26 09:23:30 | [SUCCESS] | 通信 | [GJDD-750] 发送完成: 7 字节
2025-11-26 09:23:32 | [SUCCESS] | 通信 | [GJDD-750] 通信错误: 接收超时
2025-11-26 09:23:33 | [SUCCESS] | 通信 | [GJDD-750] TX: EE 01 0F 03 00 13 EF
2025-11-26 09:23:33 | [SUCCESS] | 通信 | [GJDD-750] 发送完成: 7 字节
2025-11-26 09:23:35 | [SUCCESS] | 通信 | [GJDD-750] 通信错误: 接收超时
2025-11-26 09:23:36 | [SUCCESS] | 通信 | [GJDD-750] TX: EE 01 0F 03 00 13 EF
2025-11-26 09:23:36 | [SUCCESS] | 通信 | [GJDD-750] 发送完成: 7 字节
2025-11-26 09:23:36 | [SUCCESS] | 通信 | [GJDD-750] 串口已关闭
2025-11-26 09:23:36 | [SUCCESS] | 连接 | 设备已断开
2025-11-26 09:23:36 | [SUCCESS] | 通信 | [GJDD-750] 通信错误: 端口被关闭。
2025-11-26 09:23:40 | [SUCCESS] | 连接 | 正在连接设备 (VDC32)...
2025-11-26 09:23:40 | [SUCCESS] | 连接 | VDC-32 连接成功
2025-11-26 09:27:04 | [SUCCESS] | 连接 | 设备已断开
2025-11-26 09:30:06 | [SUCCESS] | 连接 | 正在连接设备 (LOAD)...
2025-11-26 09:30:06 | [SUCCESS] | 通信 | [GJDD-750] 开始连接串口: COM1, 波特率: 57600
2025-11-26 09:30:06 | [SUCCESS] | 通信 | [GJDD-750] 串口连接成功: COM1
2025-11-26 09:30:06 | [SUCCESS] | 连接 | 负载设备连接成功
2025-11-26 09:30:07 | [SUCCESS] | 通信 | [GJDD-750] TX: EE 01 0F 03 00 13 EF
2025-11-26 09:30:07 | [SUCCESS] | 通信 | [GJDD-750] 发送完成: 7 字节
2025-11-26 09:30:07 | [SUCCESS] | 通信 | [GJDD-750] 串口已关闭
2025-11-26 09:30:07 | [SUCCESS] | 连接 | 设备已断开
2025-11-26 09:30:07 | [SUCCESS] | 通信 | [GJDD-750] 通信错误: 端口被关闭。
2025-11-26 09:30:08 | [SUCCESS] | 连接 | 正在连接设备 (VDC32)...
2025-11-26 09:30:08 | [SUCCESS] | 连接 | VDC-32 连接成功
2025-11-26 09:30:09 | [SUCCESS] | 连接 | 设备已断开
2025-11-26 09:30:10 | [SUCCESS] | 连接 | 正在连接设备 (VDC32)...
2025-11-26 09:30:10 | [SUCCESS] | 连接 | VDC-32 连接成功
2025-11-26 10:47:10 | [SUCCESS] | 连接 | 正在连接设备 (VDC32)...
2025-11-26 10:47:10 | [SUCCESS] | 通信 | [VDC-32] 串口连接成功: COM1, 波特率: 57600
2025-11-26 10:47:10 | [SUCCESS] | 通信 | [VDC-32] TX: 01 03 80 10 20
2025-11-26 10:47:10 | [SUCCESS] | 连接 | VDC-32 连接成功
2025-11-26 10:47:10 | [SUCCESS] | 通信 | [VDC-32] RX: 
2025-11-26 10:47:10 | [SUCCESS] | 通信 | [VDC-32] TX: 01 03 80 30 20
2025-11-26 10:47:10 | [SUCCESS] | 通信 | [VDC-32] RX: 
2025-11-26 10:47:10 | [SUCCESS] | 通信 | [VDC-32] TX: 01 03 80 05 02
2025-11-26 10:47:10 | [SUCCESS] | 通信 | [VDC-32] RX: 
2025-11-26 10:47:11 | [SUCCESS] | 通信 | [VDC-32] 连接已手动断开
2025-11-26 10:47:11 | [SUCCESS] | 连接 | 设备已断开
2025-11-26 10:47:11 | [SUCCESS] | 连接 | 正在连接设备 (VDC32)...
2025-11-26 10:47:11 | [SUCCESS] | 通信 | [VDC-32] 串口连接成功: COM1, 波特率: 57600
2025-11-26 10:47:11 | [SUCCESS] | 通信 | [VDC-32] TX: 01 03 80 10 20
2025-11-26 10:47:11 | [SUCCESS] | 连接 | VDC-32 连接成功
2025-11-26 10:47:11 | [SUCCESS] | 通信 | [VDC-32] RX: 
2025-11-26 10:47:11 | [SUCCESS] | 通信 | [VDC-32] TX: 01 03 80 30 20
2025-11-26 10:47:12 | [SUCCESS] | 通信 | [VDC-32] RX: 
2025-11-26 10:47:12 | [SUCCESS] | 通信 | [VDC-32] TX: 01 03 80 05 02
2025-11-26 10:47:12 | [SUCCESS] | 通信 | [VDC-32] RX: 
2025-11-26 10:47:12 | [SUCCESS] | 通信 | [VDC-32] 连接已手动断开
2025-11-26 10:47:12 | [SUCCESS] | 连接 | 设备已断开
2025-11-26 10:47:18 | [SUCCESS] | 连接 | 正在连接设备 (VDC32)...
2025-11-26 10:47:18 | [SUCCESS] | 通信 | [VDC-32] 串口连接成功: COM1, 波特率: 57600
2025-11-26 10:47:18 | [SUCCESS] | 通信 | [VDC-32] TX: 01 03 80 10 20
2025-11-26 10:47:18 | [SUCCESS] | 连接 | VDC-32 连接成功
2025-11-26 10:47:18 | [SUCCESS] | 通信 | [VDC-32] RX: 
2025-11-26 10:47:18 | [SUCCESS] | 通信 | [VDC-32] TX: 01 03 80 30 20
2025-11-26 10:47:18 | [SUCCESS] | 通信 | [VDC-32] RX: 
2025-11-26 10:47:18 | [SUCCESS] | 通信 | [VDC-32] TX: 01 03 80 05 02
2025-11-26 10:47:18 | [SUCCESS] | 通信 | [VDC-32] RX: 
2025-11-26 10:47:18 | [SUCCESS] | 通信 | [VDC-32] TX: 01 03 80 10 20
2025-11-26 10:47:19 | [SUCCESS] | 通信 | [VDC-32] RX: 
2025-11-26 10:47:19 | [SUCCESS] | 通信 | [VDC-32] TX: 01 03 80 30 20
2025-11-26 10:47:19 | [SUCCESS] | 通信 | [VDC-32] RX: 
2025-11-26 10:47:19 | [SUCCESS] | 通信 | [VDC-32] TX: 01 03 80 05 02
2025-11-26 10:47:19 | [SUCCESS] | 通信 | [VDC-32] RX: 
2025-11-26 10:47:19 | [SUCCESS] | 通信 | [VDC-32] 连接已手动断开
2025-11-26 10:47:19 | [SUCCESS] | 连接 | 设备已断开
2025-11-26 10:53:45 | [SUCCESS] | 连接 | 正在连接设备 (LOAD)...
2025-11-26 10:53:45 | [SUCCESS] | 通信 | [GJDD-750] 开始连接串口: COM1, 波特率: 57600
2025-11-26 10:53:45 | [SUCCESS] | 通信 | [GJDD-750] 串口连接成功: COM1
2025-11-26 10:53:45 | [SUCCESS] | 连接 | 负载设备连接成功
2025-11-26 10:53:46 | [SUCCESS] | 通信 | [GJDD-750] TX: EE 01 0F 03 00 13 EF
2025-11-26 10:53:47 | [SUCCESS] | 通信 | [GJDD-750] 串口已关闭
2025-11-26 10:53:47 | [SUCCESS] | 连接 | 设备已断开
2025-11-26 10:53:47 | [FAILED] | 通信 | [GJDD-750] 错误: 端口被关闭。
2025-11-26 10:53:49 | [SUCCESS] | 连接 | 正在连接设备 (VDC32)...
2025-11-26 10:53:49 | [SUCCESS] | 通信 | [VDC-32] 串口连接成功: COM1, 波特率: 57600
2025-11-26 10:53:49 | [SUCCESS] | 通信 | [VDC-32] TX: 01 03 80 10 20
2025-11-26 10:53:49 | [SUCCESS] | 连接 | VDC-32 连接成功
2025-11-26 10:53:49 | [SUCCESS] | 通信 | [VDC-32] RX: 
2025-11-26 10:53:49 | [SUCCESS] | 通信 | [VDC-32] TX: 01 03 80 30 20
2025-11-26 10:53:49 | [SUCCESS] | 通信 | [VDC-32] RX: 
2025-11-26 10:53:49 | [SUCCESS] | 通信 | [VDC-32] TX: 01 03 80 05 02
2025-11-26 10:53:49 | [SUCCESS] | 通信 | [VDC-32] RX: 
2025-11-26 10:53:49 | [SUCCESS] | 通信 | [VDC-32] TX: 01 03 80 10 20
2025-11-26 10:53:49 | [SUCCESS] | 通信 | [VDC-32] RX: 
2025-11-26 10:53:49 | [SUCCESS] | 通信 | [VDC-32] TX: 01 03 80 30 20
2025-11-26 10:53:49 | [SUCCESS] | 通信 | [VDC-32] RX: 
2025-11-26 10:53:49 | [SUCCESS] | 通信 | [VDC-32] TX: 01 03 80 05 02
2025-11-26 10:53:49 | [SUCCESS] | 通信 | [VDC-32] RX: 
2025-11-26 10:53:49 | [SUCCESS] | 通信 | [VDC-32] 连接已手动断开
2025-11-26 10:53:49 | [SUCCESS] | 连接 | 设备已断开
2025-11-26 10:53:53 | [SUCCESS] | 连接 | 正在连接设备 (VDC32)...
2025-11-26 10:53:53 | [SUCCESS] | 通信 | [VDC-32] 串口连接成功: COM2, 波特率: 57600
2025-11-26 10:53:53 | [SUCCESS] | 通信 | [VDC-32] TX: 01 03 80 10 20
2025-11-26 10:53:53 | [SUCCESS] | 连接 | VDC-32 连接成功
2025-11-26 10:53:53 | [SUCCESS] | 通信 | [VDC-32] RX: 
2025-11-26 10:53:53 | [SUCCESS] | 通信 | [VDC-32] TX: 01 03 80 30 20
2025-11-26 10:53:53 | [SUCCESS] | 通信 | [VDC-32] RX: 
2025-11-26 10:53:53 | [SUCCESS] | 通信 | [VDC-32] TX: 01 03 80 05 02
2025-11-26 10:53:53 | [SUCCESS] | 通信 | [VDC-32] RX: 
2025-11-26 10:53:53 | [SUCCESS] | 通信 | [VDC-32] TX: 01 03 80 10 20
2025-11-26 10:53:53 | [SUCCESS] | 通信 | [VDC-32] RX: 
2025-11-26 10:53:53 | [SUCCESS] | 通信 | [VDC-32] TX: 01 03 80 30 20
2025-11-26 10:53:53 | [SUCCESS] | 通信 | [VDC-32] RX: 
2025-11-26 10:53:53 | [SUCCESS] | 通信 | [VDC-32] TX: 01 03 80 05 02
2025-11-26 10:53:54 | [SUCCESS] | 通信 | [VDC-32] RX: 
2025-11-26 10:53:54 | [SUCCESS] | 通信 | [VDC-32] 连接已手动断开
2025-11-26 10:53:54 | [SUCCESS] | 连接 | 设备已断开
2025-11-26 10:53:55 | [SUCCESS] | 连接 | 正在连接设备 (VDC32)...
2025-11-26 10:53:55 | [SUCCESS] | 通信 | [VDC-32] TCP连接成功: 192.168.1.100:502
2025-11-26 10:53:55 | [SUCCESS] | 通信 | [VDC-32] TX: 01 03 80 10 20
2025-11-26 10:53:55 | [SUCCESS] | 连接 | VDC-32 连接成功
2025-11-26 10:53:58 | [FAILED] | 通信 | [VDC-32] 错误: 等待响应超时
2025-11-26 10:53:58 | [SUCCESS] | 通信 | [VDC-32] TX: 01 03 80 30 20
2025-11-26 10:54:01 | [FAILED] | 通信 | [VDC-32] 错误: 等待响应超时
2025-11-26 10:54:01 | [SUCCESS] | 通信 | [VDC-32] TX: 01 03 80 05 02
2025-11-26 10:54:04 | [FAILED] | 通信 | [VDC-32] 错误: 等待响应超时
2025-11-26 10:54:04 | [SUCCESS] | 通信 | [VDC-32] 连接已手动断开
2025-11-26 10:54:04 | [SUCCESS] | 连接 | 设备已断开
2025-11-26 10:54:22 | [SUCCESS] | 连接 | 正在连接设备 (LOG)...
2025-11-26 10:54:43 | [SUCCESS] | 连接 | 正在连接设备 (VDC32)...
2025-11-26 10:54:43 | [SUCCESS] | 通信 | [VDC-32] TCP连接成功: 192.168.1.181:10040
2025-11-26 10:54:43 | [SUCCESS] | 通信 | [VDC-32] TX: 01 03 80 10 20
2025-11-26 10:54:43 | [SUCCESS] | 连接 | VDC-32 连接成功
2025-11-26 10:54:46 | [FAILED] | 通信 | [VDC-32] 错误: 等待响应超时
2025-11-26 10:54:46 | [SUCCESS] | 通信 | [VDC-32] TX: 01 03 80 30 20
2025-11-26 10:54:49 | [FAILED] | 通信 | [VDC-32] 错误: 等待响应超时
2025-11-26 10:54:49 | [SUCCESS] | 通信 | [VDC-32] TX: 01 03 80 05 02
2025-11-26 10:54:52 | [FAILED] | 通信 | [VDC-32] 错误: 等待响应超时
2025-11-26 10:54:52 | [SUCCESS] | 通信 | [VDC-32] 连接已手动断开
2025-11-26 10:54:52 | [SUCCESS] | 连接 | 设备已断开
2025-11-26 10:55:03 | [SUCCESS] | 连接 | 正在连接设备 (LOG)...
2025-11-26 10:55:04 | [SUCCESS] | 连接 | 正在连接设备 (LOG)...
2025-11-26 10:55:05 | [SUCCESS] | 连接 | 正在连接设备 (LOG)...
2025-11-26 10:55:05 | [SUCCESS] | 连接 | 正在连接设备 (LOG)...
2025-11-26 10:55:06 | [SUCCESS] | 连接 | 正在连接设备 (LOG)...
2025-11-26 10:55:06 | [SUCCESS] | 连接 | 正在连接设备 (LOG)...
2025-11-26 10:55:06 | [SUCCESS] | 连接 | 正在连接设备 (LOG)...
2025-11-26 10:55:06 | [SUCCESS] | 连接 | 正在连接设备 (LOG)...
2025-11-26 10:55:07 | [SUCCESS] | 连接 | 正在连接设备 (LOG)...
2025-11-26 10:55:07 | [SUCCESS] | 连接 | 正在连接设备 (LOG)...
2025-11-26 10:55:07 | [SUCCESS] | 连接 | 正在连接设备 (LOG)...
2025-11-26 10:55:09 | [SUCCESS] | 连接 | 正在连接设备 (LOG)...
2025-11-26 10:55:11 | [SUCCESS] | 连接 | 正在连接设备 (LOG)...
2025-11-26 10:55:11 | [SUCCESS] | 连接 | 正在连接设备 (LOG)...
2025-11-26 10:55:11 | [SUCCESS] | 连接 | 正在连接设备 (LOG)...
2025-11-26 10:55:18 | [SUCCESS] | 连接 | 正在连接设备 (LOAD)...
2025-11-26 10:55:18 | [SUCCESS] | 通信 | [GJDD-750] 开始连接TCP: 192.168.1.181:10040
2025-11-26 10:55:18 | [SUCCESS] | 通信 | [GJDD-750] TCP连接成功
2025-11-26 10:55:18 | [SUCCESS] | 连接 | 负载设备连接成功
2025-11-26 10:55:19 | [SUCCESS] | 通信 | [GJDD-750] TX: EE 01 0F 03 00 13 EF
2025-11-26 10:55:22 | [FAILED] | 通信 | [GJDD-750] 错误: 接收超时
2025-11-26 10:55:23 | [SUCCESS] | 通信 | [GJDD-750] TX: EE 01 0F 03 00 13 EF
2025-11-26 10:55:26 | [FAILED] | 通信 | [GJDD-750] 错误: 接收超时
2025-11-26 10:55:27 | [SUCCESS] | 通信 | [GJDD-750] TX: EE 01 0F 03 00 13 EF
2025-11-26 10:55:30 | [FAILED] | 通信 | [GJDD-750] 错误: 接收超时
2025-11-26 10:55:31 | [SUCCESS] | 通信 | [GJDD-750] TX: EE 01 0F 03 00 13 EF
2025-11-26 10:55:34 | [FAILED] | 通信 | [GJDD-750] 错误: 接收超时
2025-11-26 10:55:35 | [SUCCESS] | 通信 | [GJDD-750] TX: EE 01 0F 03 00 13 EF
2025-11-26 10:55:38 | [FAILED] | 通信 | [GJDD-750] 错误: 接收超时
2025-11-26 10:55:39 | [SUCCESS] | 通信 | [GJDD-750] TX: EE 01 0F 03 00 13 EF
2025-11-26 10:55:42 | [FAILED] | 通信 | [GJDD-750] 错误: 接收超时
2025-11-26 10:55:43 | [SUCCESS] | 通信 | [GJDD-750] TX: EE 01 0F 03 00 13 EF
2025-11-26 10:55:46 | [FAILED] | 通信 | [GJDD-750] 错误: 接收超时
2025-11-26 10:55:47 | [SUCCESS] | 通信 | [GJDD-750] TX: EE 01 0F 03 00 13 EF
2025-11-26 10:55:50 | [FAILED] | 通信 | [GJDD-750] 错误: 接收超时
2025-11-26 10:55:51 | [SUCCESS] | 通信 | [GJDD-750] TX: EE 01 0F 03 00 13 EF
2025-11-26 10:55:54 | [FAILED] | 通信 | [GJDD-750] 错误: 接收超时
2025-11-26 10:55:55 | [SUCCESS] | 通信 | [GJDD-750] TX: EE 01 0F 03 00 13 EF
2025-11-26 10:55:55 | [FAILED] | 通信 | [GJDD-750] 错误: 无法将数据写入传输连接: 你的主机中的软件中止了一个已建立的连接。。
2025-11-26 10:56:13 | [SUCCESS] | 连接 | 设备已断开
2025-11-26 10:56:14 | [SUCCESS] | 连接 | 正在连接设备 (VDC32)...
2025-11-26 10:56:14 | [SUCCESS] | 通信 | [VDC-32] TCP连接成功: 192.168.1.181:10040
2025-11-26 10:56:14 | [SUCCESS] | 通信 | [VDC-32] TX: 01 03 80 10 20
2025-11-26 10:56:14 | [SUCCESS] | 连接 | VDC-32 连接成功
2025-11-26 10:56:17 | [FAILED] | 通信 | [VDC-32] 错误: 等待响应超时
2025-11-26 10:56:17 | [SUCCESS] | 通信 | [VDC-32] TX: 01 03 80 30 20
2025-11-26 10:56:20 | [FAILED] | 通信 | [VDC-32] 错误: 等待响应超时
2025-11-26 10:56:20 | [SUCCESS] | 通信 | [VDC-32] TX: 01 03 80 05 02
2025-11-26 10:56:23 | [FAILED] | 通信 | [VDC-32] 错误: 等待响应超时
2025-11-26 10:56:25 | [SUCCESS] | 通信 | [VDC-32] 连接已手动断开
2025-11-26 10:56:25 | [SUCCESS] | 连接 | 设备已断开
2025-11-26 11:02:34 | [SUCCESS] | 连接 | 正在连接设备 (VDC32)...
2025-11-26 11:02:34 | [SUCCESS] | 通信 | [VDC-32] 串口连接成功: COM1, 波特率: 57600
2025-11-26 11:02:34 | [SUCCESS] | 通信 | [VDC-32] TX: 01 03 80 10 20
2025-11-26 11:02:34 | [SUCCESS] | 连接 | VDC-32 连接成功
2025-11-26 11:02:34 | [SUCCESS] | 通信 | [VDC-32] RX: 
2025-11-26 11:02:34 | [SUCCESS] | 通信 | [VDC-32] TX: 01 03 80 30 20
2025-11-26 11:02:34 | [SUCCESS] | 通信 | [VDC-32] RX: 
2025-11-26 11:02:34 | [SUCCESS] | 通信 | [VDC-32] TX: 01 03 80 05 02
2025-11-26 11:02:34 | [SUCCESS] | 通信 | [VDC-32] RX: 
2025-11-26 11:02:35 | [SUCCESS] | 通信 | [VDC-32] TX: 01 03 80 10 20
2025-11-26 11:02:35 | [SUCCESS] | 通信 | [VDC-32] RX: 
2025-11-26 11:02:35 | [SUCCESS] | 通信 | [VDC-32] TX: 01 03 80 30 20
2025-11-26 11:02:35 | [SUCCESS] | 通信 | [VDC-32] RX: 
2025-11-26 11:02:35 | [SUCCESS] | 通信 | [VDC-32] TX: 01 03 80 05 02
2025-11-26 11:02:35 | [SUCCESS] | 通信 | [VDC-32] RX: 
2025-11-26 11:02:35 | [SUCCESS] | 通信 | [VDC-32] TX: 01 03 80 10 20
2025-11-26 11:02:35 | [SUCCESS] | 通信 | [VDC-32] RX: 
2025-11-26 11:02:35 | [SUCCESS] | 通信 | [VDC-32] TX: 01 03 80 30 20
2025-11-26 11:02:35 | [SUCCESS] | 通信 | [VDC-32] RX: 
2025-11-26 11:02:35 | [SUCCESS] | 通信 | [VDC-32] TX: 01 03 80 05 02
2025-11-26 11:02:35 | [SUCCESS] | 通信 | [VDC-32] RX: 
2025-11-26 11:02:36 | [SUCCESS] | 通信 | [VDC-32] TX: 01 03 80 10 20
2025-11-26 11:02:36 | [SUCCESS] | 通信 | [VDC-32] RX: 
2025-11-26 11:02:36 | [SUCCESS] | 通信 | [VDC-32] TX: 01 03 80 30 20
2025-11-26 11:02:36 | [SUCCESS] | 通信 | [VDC-32] RX: 
2025-11-26 11:02:36 | [SUCCESS] | 通信 | [VDC-32] TX: 01 03 80 05 02
2025-11-26 11:02:36 | [SUCCESS] | 通信 | [VDC-32] RX: 
2025-11-26 11:02:36 | [SUCCESS] | 通信 | [VDC-32] 连接已手动断开
2025-11-26 11:02:36 | [SUCCESS] | 连接 | 设备已断开
2025-11-26 11:02:39 | [SUCCESS] | 连接 | 正在连接设备 (VDC32)...
2025-11-26 11:02:39 | [SUCCESS] | 通信 | [VDC-32] TCP连接成功: 192.168.1.181:10040
2025-11-26 11:02:39 | [SUCCESS] | 连接 | [VDC-32] 正在验证设备响应(握手)...
2025-11-26 11:02:39 | [SUCCESS] | 通信 | [VDC-32] TX: 01 03 80 01 01
2025-11-26 11:02:42 | [FAILED] | 通信 | [VDC-32] 错误: 等待响应超时
2025-11-26 11:02:42 | [FAILED] | 连接 | [VDC-32] 连接失败: Socket已通但设备无响应 (等待响应超时)
2025-11-26 11:02:42 | [SUCCESS] | 通信 | [VDC-32] 连接已手动断开
2025-11-26 11:02:45 | [FAILED] | 连接 | 连接失败: VDC-32 TCP 连接失败 (192.168.1.181:10040)
2025-11-26 11:02:48 | [SUCCESS] | 连接 | 正在连接设备 (LOAD)...
2025-11-26 11:02:48 | [SUCCESS] | 通信 | [GJDD-750] 开始连接TCP: 192.168.1.181:10040
2025-11-26 11:02:48 | [SUCCESS] | 通信 | [GJDD-750] TCP连接成功
2025-11-26 11:02:48 | [SUCCESS] | 连接 | 负载设备连接成功
2025-11-26 11:02:49 | [SUCCESS] | 通信 | [GJDD-750] TX: EE 01 0F 03 00 13 EF
2025-11-26 11:02:52 | [FAILED] | 通信 | [GJDD-750] 错误: 接收超时
2025-11-26 11:02:53 | [SUCCESS] | 通信 | [GJDD-750] TX: EE 01 0F 03 00 13 EF
2025-11-26 11:02:53 | [SUCCESS] | 通信 | [GJDD-750] TCP连接已关闭
2025-11-26 11:02:53 | [SUCCESS] | 连接 | 设备已断开
2025-11-26 11:02:53 | [FAILED] | 通信 | [GJDD-750] 错误: 无法访问已释放的对象。
对象名:“System.Net.Sockets.NetworkStream”。
2025-11-26 11:04:54 | [SUCCESS] | 连接 | 正在连接设备 (LOAD)...
2025-11-26 11:04:55 | [SUCCESS] | 通信 | [GJDD-750] 开始连接TCP: 192.168.1.181:10040
2025-11-26 11:04:55 | [SUCCESS] | 通信 | [GJDD-750] TCP连接成功
2025-11-26 11:04:55 | [SUCCESS] | 连接 | [GJDD-750] 正在验证设备响应(握手)...
2025-11-26 11:04:55 | [SUCCESS] | 通信 | [GJDD-750] TX: EE 01 09 03 00 0D EF
2025-11-26 11:04:58 | [FAILED] | 通信 | [GJDD-750] 错误: 接收超时
2025-11-26 11:04:58 | [FAILED] | 连接 | [GJDD-750] 连接失败: Socket已通但设备无响应 (接收超时)
2025-11-26 11:04:58 | [SUCCESS] | 通信 | [GJDD-750] TCP连接已关闭
2025-11-26 11:04:59 | [FAILED] | 连接 | 连接失败: 负载设备 TCP 连接失败 (192.168.1.181:10040)
2025-11-26 11:05:00 | [SUCCESS] | 连接 | 正在连接设备 (LOAD)...
2025-11-26 11:05:00 | [SUCCESS] | 通信 | [GJDD-750] 开始连接TCP: 192.168.1.181:10040
2025-11-26 11:05:00 | [SUCCESS] | 通信 | [GJDD-750] TCP连接成功
2025-11-26 11:05:00 | [SUCCESS] | 连接 | [GJDD-750] 正在验证设备响应(握手)...
2025-11-26 11:05:00 | [SUCCESS] | 通信 | [GJDD-750] TX: EE 01 09 03 00 0D EF
2025-11-26 11:05:01 | [SUCCESS] | 连接 | 正在取消连接...
2025-11-26 11:05:03 | [FAILED] | 通信 | [GJDD-750] 错误: 接收超时
2025-11-26 11:05:03 | [FAILED] | 连接 | [GJDD-750] 连接失败: Socket已通但设备无响应 (接收超时)
2025-11-26 11:05:03 | [SUCCESS] | 通信 | [GJDD-750] TCP连接已关闭
2025-11-26 11:05:05 | [FAILED] | 连接 | 连接失败: 负载设备 TCP 连接失败 (192.168.1.181:10040)
2025-11-26 11:25:37 | [SUCCESS] | 连接 | 正在连接设备 (VDC32)...
2025-11-26 11:25:38 | [SUCCESS] | 通信 | [VDC-32] 串口连接成功: COM1, 波特率: 57600
2025-11-26 11:25:38 | [SUCCESS] | 通信 | [VDC-32] TX: 01 03 80 10 20
2025-11-26 11:25:38 | [SUCCESS] | 连接 | VDC-32 连接成功
2025-11-26 11:25:50 | [FAILED] | 通信 | [VDC-32] 错误: 串口接收超时
2025-11-26 11:25:50 | [SUCCESS] | 通信 | [VDC-32] TX: 01 03 80 30 20
2025-11-26 11:26:01 | [SUCCESS] | 连接 | 正在连接设备 (VDC32)...
2025-11-26 11:26:01 | [SUCCESS] | 通信 | [VDC-32] TCP连接成功: 192.168.1.181:10040
2025-11-26 11:26:01 | [SUCCESS] | 连接 | [VDC-32] 正在验证设备响应(握手)...
2025-11-26 11:26:01 | [SUCCESS] | 通信 | [VDC-32] TX: 01 03 80 01 01
2025-11-26 11:26:02 | [SUCCESS] | 连接 | 正在取消连接...
2025-11-26 11:26:04 | [FAILED] | 通信 | [VDC-32] 错误: TCP 接收超时 (3000ms)
2025-11-26 11:26:04 | [FAILED] | 连接 | [VDC-32] 连接失败: Socket已通但设备无响应 (TCP 接收超时 (3000ms))
2025-11-26 11:26:04 | [SUCCESS] | 通信 | [VDC-32] 连接已手动断开
2025-11-26 11:26:06 | [FAILED] | 连接 | 连接失败: VDC-32 TCP 连接失败 (192.168.1.181:10040)
